<?xml version="1.0" encoding="UTF-8"?>
<testng-results skipped="0" failed="0" ignored="0" total="1" passed="1">
  <reporter-output>
  </reporter-output>
  <suite name="Default suite" duration-ms="30" started-at="2018-02-15T02:35:27Z" finished-at="2018-02-15T02:35:27Z">
    <groups>
    </groups>
    <test name="Default test" duration-ms="30" started-at="2018-02-15T02:35:27Z" finished-at="2018-02-15T02:35:27Z">
      <class name="programmingassignment1.boolListDemoNGTest">
        <test-method status="PASS" signature="setUpClass()[pri:0, instance:programmingassignment1.boolListDemoNGTest@18be83e4]" name="setUpClass" is-config="true" duration-ms="8" started-at="2018-02-14T21:35:27Z" finished-at="2018-02-14T21:35:27Z">
          <reporter-output>
          </reporter-output>
        </test-method> <!-- setUpClass -->
        <test-method status="PASS" signature="testBoolToSigned()[pri:0, instance:programmingassignment1.boolListDemoNGTest@18be83e4]" name="testBoolToSigned" duration-ms="7" started-at="2018-02-14T21:35:27Z" finished-at="2018-02-14T21:35:27Z">
          <reporter-output>
          </reporter-output>
        </test-method> <!-- testBoolToSigned -->
        <test-method status="PASS" signature="setUpMethod()[pri:0, instance:programmingassignment1.boolListDemoNGTest@18be83e4]" name="setUpMethod" is-config="true" duration-ms="0" started-at="2018-02-14T21:35:27Z" finished-at="2018-02-14T21:35:27Z">
          <reporter-output>
          </reporter-output>
        </test-method> <!-- setUpMethod -->
        <test-method status="PASS" signature="tearDownMethod()[pri:0, instance:programmingassignment1.boolListDemoNGTest@18be83e4]" name="tearDownMethod" is-config="true" duration-ms="0" started-at="2018-02-14T21:35:27Z" finished-at="2018-02-14T21:35:27Z">
          <reporter-output>
          </reporter-output>
        </test-method> <!-- tearDownMethod -->
        <test-method status="PASS" signature="tearDownClass()[pri:0, instance:programmingassignment1.boolListDemoNGTest@18be83e4]" name="tearDownClass" is-config="true" duration-ms="0" started-at="2018-02-14T21:35:27Z" finished-at="2018-02-14T21:35:27Z">
          <reporter-output>
          </reporter-output>
        </test-method> <!-- tearDownClass -->
      </class> <!-- programmingassignment1.boolListDemoNGTest -->
    </test> <!-- Default test -->
  </suite> <!-- Default suite -->
</testng-results>
